<?xml version="1.0" encoding="UTF-8"?>
<!-- Generated by org.testng.reporters.JUnitReportReporter -->
<testsuite hostname="Rimas-MacBook-Pro.local" failures="0" tests="1" name="testcases.FormPageTest" time="18.381" errors="0" timestamp="2024-04-09T17:20:14 PDT" skipped="0">
  <testcase classname="testcases.FormPageTest" name="fillForm" time="18.381"/>
  <system-out/>
</testsuite> <!-- testcases.FormPageTest -->
