<?xml version="1.0" encoding="UTF-8"?>
<!-- Generated by org.testng.reporters.JUnitReportReporter -->
<testsuite hostname="Rimas-MacBook-Pro.local" failures="0" tests="1" name="testcases.AppTestiOS" time="16.701" errors="0" timestamp="2024-08-05T16:14:37 PDT" skipped="0">
  <testcase classname="testcases.AppTestiOS" name="appTest" time="16.701"/>
  <system-out/>
</testsuite> <!-- testcases.AppTestiOS -->
