<?xml version="1.0" encoding="UTF-8"?>
<!-- Generated by org.testng.reporters.JUnitReportReporter -->
<testsuite hostname="Rimas-MacBook-Pro.local" failures="0" tests="2" name="testcases.AppTestAndroid" time="60.010" errors="0" timestamp="2024-08-05T15:03:06 PDT" skipped="0">
  <testcase classname="testcases.AppTestAndroid" name="fillForm" time="29.934"/>
  <system-out/>
  <testcase classname="testcases.AppTestAndroid" name="fillForm" time="30.076"/>
  <system-out/>
</testsuite> <!-- testcases.AppTestAndroid -->
