<?xml version="1.0" encoding="UTF-8"?>
<!-- Generated by org.testng.reporters.JUnitReportReporter -->
<testsuite hostname="Rimas-MacBook-Pro.local" failures="0" tests="2" name="testcases.AppTestAndroid" time="58.071" errors="0" timestamp="2024-08-06T10:07:29 PDT" skipped="0">
  <testcase classname="testcases.AppTestAndroid" name="fillForm" time="29.860"/>
  <system-out/>
  <testcase classname="testcases.AppTestAndroid" name="fillForm" time="28.211"/>
  <system-out/>
</testsuite> <!-- testcases.AppTestAndroid -->
