<?xml version="1.0" encoding="UTF-8"?>
<!-- Generated by org.testng.reporters.JUnitReportReporter -->
<testsuite hostname="Rimas-MacBook-Pro.local" failures="0" tests="1" name="testcases.AppTestAndroid" time="13.387" errors="0" timestamp="2024-08-02T15:04:43 PDT" skipped="0">
  <testcase classname="testcases.AppTestAndroid" name="fillForm" time="13.387"/>
  <system-out/>
</testsuite> <!-- testcases.AppTestAndroid -->
