<?xml version="1.0" encoding="UTF-8"?>
<!-- Generated by org.testng.reporters.JUnitReportReporter -->
<testsuite hostname="Rimas-MacBook-Pro.local" failures="0" tests="1" name="testcases.AppTest" time="22.798" errors="0" timestamp="2024-04-22T18:55:05 PDT" skipped="0">
  <testcase classname="testcases.AppTest" name="fillForm" time="22.798"/>
  <system-out/>
</testsuite> <!-- testcases.AppTest -->
