<?xml version="1.0" encoding="UTF-8"?>
<!-- Generated by org.testng.reporters.JUnitReportReporter -->
<testsuite hostname="Rimas-MacBook-Pro.local" failures="0" tests="1" name="testcases.AppTestiOS" time="7.530" errors="0" timestamp="2024-08-01T11:12:17 PDT" skipped="0">
  <testcase classname="testcases.AppTestiOS" name="appTest" time="7.530"/>
  <system-out/>
</testsuite> <!-- testcases.AppTestiOS -->
